09:09:54.133 karate.env system property was:  
09:09:54.696 request:
1 > POST https://gorest.co.in/public-api/users/create.html
1 > Accept-Encoding: gzip,deflate
1 > Authorization: Bearer SgAL3dv2sLpkUMR_MSKFvn2RkViDLx12MxMN
1 > Connection: Keep-Alive
1 > Content-Length: 288
1 > Content-Type: application/json; charset=UTF-8
1 > Host: gorest.co.in
1 > User-Agent: Apache-HttpClient/4.5.11 (Java/1.8.0_241)
{"first_name":"nany2","last_name":"jacob","gender":"male","email":"cv4@c.com","dob":"1990-11-05","phone":"2312345678","status":"active","address":" hello,mTVM","website":"http://ebert.com/consequatur-dolor-repellendus-provident-magni-molestiae-facere-fuga-voluptatem","about":"Heelo hai"}

09:09:56.115 response time in milliseconds: 1418.09
1 < 302
1 < Connection: keep-alive
1 < Content-Type: application/json; charset=UTF-8
1 < Date: Wed, 20 May 2020 03:39:55 GMT
1 < Location: https://gorest.co.in/public-api/users/25390
1 < Server: nginx
1 < Set-Cookie: _csrf=f97e64110dcf8af57aa28b827ad4ad6d66b6f2775d3c61699836ded699a28a2ca%3A2%3A%7Bi%3A0%3Bs%3A5%3A%22_csrf%22%3Bi%3A1%3Bs%3A32%3A%22OANSPuo0CPu4_gR9yoeLLqVGRhVNaxm5%22%3B%7D; path=/; HttpOnly
1 < Transfer-Encoding: chunked
1 < Vary: Accept
1 < X-Frame-Options: sameorigin
1 < X-Rate-Limit-Limit: 30
1 < X-Rate-Limit-Remaining: 21
1 < X-Rate-Limit-Reset: 18
{"_meta":{"success":true,"code":201,"message":"A resource was successfully created in response to a POST request. The Location header contains the URL pointing to the newly created resource.","rateLimit":{"limit":30,"remaining":21,"reset":18}},"result":{"id":"25390","first_name":"nany2","last_name":"jacob","gender":"male","dob":"1990-11-05","email":"cv4@c.com","phone":"2312345678","website":"http://ebert.com/consequatur-dolor-repellendus-provident-magni-molestiae-facere-fuga-voluptatem","address":" hello,mTVM","status":"active","_links":{"self":{"href":"https://gorest.co.in/public-api/users/25390"},"edit":{"href":"https://gorest.co.in/public-api/users/25390"},"avatar":{"href":null}}}}

09:09:56.116 request:
2 > GET https://gorest.co.in/public-api/users/create.html
2 > Accept-Encoding: gzip,deflate
2 > Authorization: Bearer SgAL3dv2sLpkUMR_MSKFvn2RkViDLx12MxMN
2 > Connection: Keep-Alive
2 > Content-Type: application/json; charset=UTF-8
2 > Cookie: _csrf=f97e64110dcf8af57aa28b827ad4ad6d66b6f2775d3c61699836ded699a28a2ca%3A2%3A%7Bi%3A0%3Bs%3A5%3A%22_csrf%22%3Bi%3A1%3Bs%3A32%3A%22OANSPuo0CPu4_gR9yoeLLqVGRhVNaxm5%22%3B%7D
2 > Host: gorest.co.in
2 > User-Agent: Apache-HttpClient/4.5.11 (Java/1.8.0_241)

09:09:56.794 response time in milliseconds: 677.05
2 < 200
2 < Connection: keep-alive
2 < Content-Type: application/json; charset=UTF-8
2 < Date: Wed, 20 May 2020 03:39:55 GMT
2 < Server: nginx
2 < Set-Cookie: _csrf=2aa7384137e95a5e9a91900510655c98df7bc5327ba36896cf898aa41f3c0813a%3A2%3A%7Bi%3A0%3Bs%3A5%3A%22_csrf%22%3Bi%3A1%3Bs%3A32%3A%22hmPFhT_Ua6sdtEQQrrQoWonqigE6eQCh%22%3B%7D; path=/; HttpOnly
2 < Transfer-Encoding: chunked
2 < Vary: [Accept-Encoding, Accept]
2 < X-Frame-Options: sameorigin
2 < X-Rate-Limit-Limit: 30
2 < X-Rate-Limit-Remaining: 18
2 < X-Rate-Limit-Reset: 24
{"_meta":{"success":true,"code":200,"message":"OK. Everything worked as expected.","rateLimit":{"limit":30,"remaining":18,"reset":24}},"result":{"id":"25390","first_name":"nany2","last_name":"jacob","gender":"male","dob":"1990-11-05","email":"cv4@c.com","phone":"2312345678","website":"http://ebert.com/consequatur-dolor-repellendus-provident-magni-molestiae-facere-fuga-voluptatem","address":" hello,mTVM","status":"active","_links":{"self":{"href":"https://gorest.co.in/public-api/users/25390"},"edit":{"href":"https://gorest.co.in/public-api/users/25390"},"avatar":{"href":null}}}}

09:09:56.795 {
  "result": {
    "website": "http://ebert.com/consequatur-dolor-repellendus-provident-magni-molestiae-facere-fuga-voluptatem",
    "address": " hello,mTVM",
    "gender": "male",
    "phone": "2312345678",
    "_links": {
      "edit": {
        "href": "https://gorest.co.in/public-api/users/25390"
      },
      "self": {
        "href": "https://gorest.co.in/public-api/users/25390"
      },
      "avatar": {
        "href": null
      }
    },
    "dob": "1990-11-05",
    "last_name": "jacob",
    "id": "25390",
    "first_name": "nany2",
    "email": "cv4@c.com",
    "status": "active"
  },
  "_meta": {
    "code": 200,
    "rateLimit": {
      "limit": 30,
      "reset": 24,
      "remaining": 18
    },
    "success": true,
    "message": "OK. Everything worked as expected."
  }
}
 
