09:09:54.134 karate.env system property was:  
09:09:54.694 request:
1 > GET https://gorest.co.in/public-api/users/index.html?page=109
1 > Accept-Encoding: gzip,deflate
1 > Authorization: Bearer SgAL3dv2sLpkUMR_MSKFvn2RkViDLx12MxMN
1 > Connection: Keep-Alive
1 > Host: gorest.co.in
1 > User-Agent: Apache-HttpClient/4.5.11 (Java/1.8.0_241)

09:09:56.068 response time in milliseconds: 1372.71
1 < 200
1 < Connection: keep-alive
1 < Content-Type: application/json; charset=UTF-8
1 < Date: Wed, 20 May 2020 03:39:55 GMT
1 < Link: <https://gorest.co.in/public-api/users?page=106>; rel=self, <https://gorest.co.in/public-api/users?page=1>; rel=first, <https://gorest.co.in/public-api/users?page=105>; rel=prev
1 < Server: nginx
1 < Set-Cookie: _csrf=2051b4657024217a926109d5bc2ba1c84e42fce77cbafa45c16922d5b01eac17a%3A2%3A%7Bi%3A0%3Bs%3A5%3A%22_csrf%22%3Bi%3A1%3Bs%3A32%3A%22hsewA9iC4lzLuz1FXVkJgb7-InLXc5MU%22%3B%7D; path=/; HttpOnly
1 < Transfer-Encoding: chunked
1 < Vary: [Accept-Encoding, Accept]
1 < X-Frame-Options: sameorigin
1 < X-Pagination-Current-Page: 106
1 < X-Pagination-Page-Count: 106
1 < X-Pagination-Per-Page: 20
1 < X-Pagination-Total-Count: 2113
1 < X-Rate-Limit-Limit: 30
1 < X-Rate-Limit-Remaining: 22
1 < X-Rate-Limit-Reset: 16
{"_meta":{"success":true,"code":200,"message":"OK. Everything worked as expected.","totalCount":2113,"pageCount":106,"currentPage":106,"perPage":20,"rateLimit":{"limit":30,"remaining":22,"reset":16}},"result":[{"id":"23476","first_name":"Julian","last_name":"Hartmann","gender":"male","dob":"1996-05-09","email":"vroberts@example.com","phone":"+1-819-907-1570","website":"http://heaney.com/ut-deleniti-quas-architecto-facere.html","address":"24738 Kassulke Points Suite 107\nArnoldton, AL 69983-5323","status":"inactive","_links":{"self":{"href":"https://gorest.co.in/public-api/users/23476"},"edit":{"href":"https://gorest.co.in/public-api/users/23476"},"avatar":{"href":"https://lorempixel.com/250/250/people/?19383"}}},{"id":"23477","first_name":"Hadley","last_name":"Jerde","gender":"male","dob":"1979-12-10","email":"josefina83@example.com","phone":"908-619-4712 x897","website":"http://www.hermann.org/","address":"14202 Walter Spring\nWest Williemouth, AR 99546-7589","status":"active","_links":{"self":{"href":"https://gorest.co.in/public-api/users/23477"},"edit":{"href":"https://gorest.co.in/public-api/users/23477"},"avatar":{"href":"https://lorempixel.com/250/250/people/?15818"}}},{"id":"23478","first_name":"Joshuah","last_name":"Collier","gender":"male","dob":"1950-09-09","email":"kuhic.trisha@example.org","phone":"+1 (710) 949-2837","website":"http://www.kertzmann.org/odit-quibusdam-aut-dolorum-qui-labore-eaque-assumenda","address":"43070 Dillon Valleys Apt. 665\nAbernathyfort, MD 69493","status":"active","_links":{"self":{"href":"https://gorest.co.in/public-api/users/23478"},"edit":{"href":"https://gorest.co.in/public-api/users/23478"},"avatar":{"href":"https://lorempixel.com/250/250/people/?28841"}}},{"id":"23479","first_name":"Florine","last_name":"Ritchie","gender":"female","dob":"1959-03-02","email":"hilton.zboncak@example.net","phone":"869.998.1917","website":"http://schaden.com/aut-culpa-hic-reprehenderit-quia","address":"99986 Huels Square\nLake Selina, PA 15860-6782","status":"active","_links":{"self":{"href":"https://gorest.co.in/public-api/users/23479"},"edit":{"href":"https://gorest.co.in/public-api/users/23479"},"avatar":{"href":"https://lorempixel.com/250/250/people/?34280"}}},{"id":"23480","first_name":"Solon","last_name":"Gulgowski","gender":"male","dob":"1958-08-13","email":"tia.jakubowski@example.com","phone":"1-658-284-0928 x5798","website":"http://www.hackett.com/sed-qui-eum-veniam-enim-est-dicta-sunt.html","address":"73874 Geoffrey Pike Suite 248\nMontanachester, VT 11714-3419","status":"inactive","_links":{"self":{"href":"https://gorest.co.in/public-api/users/23480"},"edit":{"href":"https://gorest.co.in/public-api/users/23480"},"avatar":{"href":"https://lorempixel.com/250/250/people/?30625"}}},{"id":"23484","first_name":"Elouise","last_name":"VonRueden","gender":"female","dob":"1932-04-24","email":"akautzer@example.org","phone":"1-901-810-5529","website":"http://www.swift.com/a-dolor-eos-incidunt-enim","address":"201 Weimann Valleys Suite 293\nBarrowstown, AL 15003-2062","status":"active","_links":{"self":{"href":"https://gorest.co.in/public-api/users/23484"},"edit":{"href":"https://gorest.co.in/public-api/users/23484"},"avatar":{"href":"https://lorempixel.com/250/250/people/?78875"}}},{"id":"23485","first_name":"Percival","last_name":"Funk","gender":"male","dob":"1928-02-13","email":"fprohaska@example.com","phone":"1-630-364-5632 x2420","website":"http://www.tillman.org/ipsum-quibusdam-quis-similique-vero-voluptatem-in-et-nulla.html","address":"800 Franco Prairie\nNew Horacemouth, AZ 61577-3745","status":"active","_links":{"self":{"href":"https://gorest.co.in/public-api/users/23485"},"edit":{"href":"https://gorest.co.in/public-api/users/23485"},"avatar":{"href":"https://lorempixel.com/250/250/people/?38860"}}},{"id":"23487","first_name":"Brooke","last_name":"Goyette","gender":"female","dob":"1985-09-13","email":"crawford20@example.org","phone":"(347) 549-0891","website":"https://erdman.com/minus-ea-eaque-expedita-perferendis.html","address":"4268 Kris View Suite 160\nLake Juvenal, RI 45504","status":"active","_links":{"self":{"href":"https://gorest.co.in/public-api/users/23487"},"edit":{"href":"https://gorest.co.in/public-api/users/23487"},"avatar":{"href":"https://lorempixel.com/250/250/people/?19382"}}},{"id":"23489","first_name":"Ottilie","last_name":"Gibson","gender":"female","dob":"1924-09-16","email":"gibson.abner@example.net","phone":"516.407.9153","website":"http://stokes.org/sit-maxime-officiis-voluptatem-maiores-expedita-qui","address":"754 Elnora Forges Apt. 462\nReubenmouth, SC 76429-0733","status":"inactive","_links":{"self":{"href":"https://gorest.co.in/public-api/users/23489"},"edit":{"href":"https://gorest.co.in/public-api/users/23489"},"avatar":{"href":"https://lorempixel.com/250/250/people/?42695"}}},{"id":"23490","first_name":"Karli","last_name":"Kemmer","gender":"female","dob":"1940-10-23","email":"paucek.jacinthe@example.net","phone":"(764) 704-8315","website":"http://johnston.com/est-non-laboriosam-praesentium-deleniti-nisi-at-blanditiis","address":"249 Breitenberg Mountain\nNew Katlynn, ND 07217","status":"inactive","_links":{"self":{"href":"https://gorest.co.in/public-api/users/23490"},"edit":{"href":"https://gorest.co.in/public-api/users/23490"},"avatar":{"href":"https://lorempixel.com/250/250/people/?58362"}}},{"id":"23491","first_name":"Charlene","last_name":"Daniel","gender":"female","dob":"1947-07-04","email":"evie40@example.org","phone":"523.334.6753 x15176","website":"http://www.runolfsson.org/at-excepturi-et-at-officiis","address":"70098 Hilpert Mission\nFeeneystad, NV 83931-0774","status":"inactive","_links":{"self":{"href":"https://gorest.co.in/public-api/users/23491"},"edit":{"href":"https://gorest.co.in/public-api/users/23491"},"avatar":{"href":"https://lorempixel.com/250/250/people/?61984"}}},{"id":"25387","first_name":"nany1","last_name":"jacob","gender":"male","dob":null,"email":"cv1@c.com","phone":null,"website":null,"address":null,"status":null,"_links":{"self":{"href":"https://gorest.co.in/public-api/users/25387"},"edit":{"href":"https://gorest.co.in/public-api/users/25387"},"avatar":{"href":null}}},{"id":"25389","first_name":"nany1","last_name":"jacob","gender":"male","dob":null,"email":"cv2@c.com","phone":null,"website":null,"address":null,"status":null,"_links":{"self":{"href":"https://gorest.co.in/public-api/users/25389"},"edit":{"href":"https://gorest.co.in/public-api/users/25389"},"avatar":{"href":null}}}]}

09:09:56.074 [print] The given page109 is not available, so listing the last page number  : 106
09:09:56.076 [print] Total No of user records in  106 page is  13
