09:09:54.134 karate.env system property was:  
09:09:54.696 request:
1 > POST https://gorest.co.in/public-api/users/create.html
1 > Accept-Encoding: gzip,deflate
1 > Authorization: Bearer SgAL3dv2sLpkUMR_MSKFvn2RkViDLx12MxMN
1 > Connection: Keep-Alive
1 > Content-Length: 78
1 > Content-Type: application/json; charset=UTF-8
1 > Host: gorest.co.in
1 > User-Agent: Apache-HttpClient/4.5.11 (Java/1.8.0_241)
{"first_name":"nany1","last_name":"jacob","gender":"male","email":"cv2@c.com"}

09:09:55.949 response time in milliseconds: 1252.00
1 < 302
1 < Connection: keep-alive
1 < Content-Type: application/json; charset=UTF-8
1 < Date: Wed, 20 May 2020 03:39:55 GMT
1 < Location: https://gorest.co.in/public-api/users/25389
1 < Server: nginx
1 < Set-Cookie: _csrf=e300a8c5672dcaad69641a6ef5f9ed5e0e40d58b98c1d33e3d548220f14580dca%3A2%3A%7Bi%3A0%3Bs%3A5%3A%22_csrf%22%3Bi%3A1%3Bs%3A32%3A%22EWleAB7NnLp_PGSvKhWSeaK6-F7UvsyX%22%3B%7D; path=/; HttpOnly
1 < Transfer-Encoding: chunked
1 < Vary: Accept
1 < X-Frame-Options: sameorigin
1 < X-Rate-Limit-Limit: 30
1 < X-Rate-Limit-Remaining: 25
1 < X-Rate-Limit-Reset: 10
{"_meta":{"success":true,"code":201,"message":"A resource was successfully created in response to a POST request. The Location header contains the URL pointing to the newly created resource.","rateLimit":{"limit":30,"remaining":25,"reset":10}},"result":{"id":"25389","first_name":"nany1","last_name":"jacob","gender":"male","dob":null,"email":"cv2@c.com","phone":null,"website":null,"address":null,"status":null,"_links":{"self":{"href":"https://gorest.co.in/public-api/users/25389"},"edit":{"href":"https://gorest.co.in/public-api/users/25389"},"avatar":{"href":null}}}}

09:09:55.956 request:
2 > GET https://gorest.co.in/public-api/users/create.html
2 > Accept-Encoding: gzip,deflate
2 > Authorization: Bearer SgAL3dv2sLpkUMR_MSKFvn2RkViDLx12MxMN
2 > Connection: Keep-Alive
2 > Content-Type: application/json; charset=UTF-8
2 > Cookie: _csrf=e300a8c5672dcaad69641a6ef5f9ed5e0e40d58b98c1d33e3d548220f14580dca%3A2%3A%7Bi%3A0%3Bs%3A5%3A%22_csrf%22%3Bi%3A1%3Bs%3A32%3A%22EWleAB7NnLp_PGSvKhWSeaK6-F7UvsyX%22%3B%7D
2 > Host: gorest.co.in
2 > User-Agent: Apache-HttpClient/4.5.11 (Java/1.8.0_241)

09:09:56.184 response time in milliseconds: 227.51
2 < 200
2 < Connection: keep-alive
2 < Content-Type: application/json; charset=UTF-8
2 < Date: Wed, 20 May 2020 03:39:55 GMT
2 < Server: nginx
2 < Set-Cookie: _csrf=854c96cd1b6b6313fe6856656a3d592ed07a530c594dd6e04c7eccca5a8b5765a%3A2%3A%7Bi%3A0%3Bs%3A5%3A%22_csrf%22%3Bi%3A1%3Bs%3A32%3A%22x7VokONC0Sa_wRUdJu8dxTIxpX-Zmxrs%22%3B%7D; path=/; HttpOnly
2 < Transfer-Encoding: chunked
2 < Vary: [Accept-Encoding, Accept]
2 < X-Frame-Options: sameorigin
2 < X-Rate-Limit-Limit: 30
2 < X-Rate-Limit-Remaining: 19
2 < X-Rate-Limit-Reset: 22
{"_meta":{"success":true,"code":200,"message":"OK. Everything worked as expected.","rateLimit":{"limit":30,"remaining":19,"reset":22}},"result":{"id":"25389","first_name":"nany1","last_name":"jacob","gender":"male","dob":null,"email":"cv2@c.com","phone":null,"website":null,"address":null,"status":null,"_links":{"self":{"href":"https://gorest.co.in/public-api/users/25389"},"edit":{"href":"https://gorest.co.in/public-api/users/25389"},"avatar":{"href":null}}}}

09:09:56.191 {
  "result": {
    "website": null,
    "address": null,
    "gender": "male",
    "phone": null,
    "_links": {
      "edit": {
        "href": "https://gorest.co.in/public-api/users/25389"
      },
      "self": {
        "href": "https://gorest.co.in/public-api/users/25389"
      },
      "avatar": {
        "href": null
      }
    },
    "dob": null,
    "last_name": "jacob",
    "id": "25389",
    "first_name": "nany1",
    "email": "cv2@c.com",
    "status": null
  },
  "_meta": {
    "code": 200,
    "rateLimit": {
      "limit": 30,
      "reset": 22,
      "remaining": 19
    },
    "success": true,
    "message": "OK. Everything worked as expected."
  }
}
 
